<?xml version="1.0" encoding="UTF-8"?>
<testng-results ignored="0" total="1" passed="1" failed="0" skipped="0">
  <reporter-output>
    <line>
      <![CDATA[Pass:Home Page is displayed]]>
    </line>
  </reporter-output>
  <suite started-at="2023-06-27T06:58:45Z" name="Default suite" finished-at="2023-06-27T06:58:53Z" duration-ms="7463">
    <groups>
    </groups>
    <test started-at="2023-06-27T06:58:45Z" name="Default test" finished-at="2023-06-27T06:58:53Z" duration-ms="7463">
      <class name="pos.scripts.DemoTest">
        <test-method is-config="true" signature="intReport(java.lang.String)[pri:0, instance:pos.scripts.DemoTest@2c78d320]" started-at="2023-06-27T06:58:45Z" name="intReport" finished-at="2023-06-27T06:58:45Z" duration-ms="431" status="PASS">
          <params>
            <param index="0">
              <value>
                <![CDATA[report/Spark.html]]>
              </value>
            </param>
          </params>
          <reporter-output>
          </reporter-output>
        </test-method> <!-- intReport -->
        <test-method is-config="true" signature="preCondition(java.lang.String, java.lang.String, java.lang.String, java.lang.reflect.Method)[pri:0, instance:pos.scripts.DemoTest@2c78d320]" started-at="2023-06-27T06:58:45Z" name="preCondition" finished-at="2023-06-27T06:58:51Z" duration-ms="5712" status="PASS">
          <params>
            <param index="0">
              <value>
                <![CDATA[https://sudhir.aksharatraining.in/pos/public]]>
              </value>
            </param>
            <param index="1">
              <value>
                <![CDATA[no]]>
              </value>
            </param>
            <param index="2">
              <value>
                <![CDATA[qa.properties]]>
              </value>
            </param>
            <param index="3">
              <value>
                <![CDATA[public void pos.scripts.DemoTest.testPosValidLogin() throws java.lang.InterruptedException]]>
              </value>
            </param>
          </params>
          <reporter-output>
          </reporter-output>
        </test-method> <!-- preCondition -->
        <test-method signature="testPosValidLogin()[pri:0, instance:pos.scripts.DemoTest@2c78d320]" started-at="2023-06-27T06:58:51Z" name="testPosValidLogin" finished-at="2023-06-27T06:58:52Z" duration-ms="1483" status="PASS">
          <reporter-output>
            <line>
              <![CDATA[Pass:Home Page is displayed]]>
            </line>
          </reporter-output>
        </test-method> <!-- testPosValidLogin -->
        <test-method is-config="true" signature="postCondition(org.testng.ITestResult)[pri:0, instance:pos.scripts.DemoTest@2c78d320]" started-at="2023-06-27T06:58:52Z" name="postCondition" finished-at="2023-06-27T06:58:53Z" duration-ms="252" status="PASS">
          <params>
            <param index="0">
              <value>
                <![CDATA[[TestResult name=testPosValidLogin status=SUCCESS method=DemoTest.testPosValidLogin()[pri:0, instance:pos.scripts.DemoTest@2c78d320] output=Pass:Home Page is displayed]]]>
              </value>
            </param>
          </params>
          <reporter-output>
          </reporter-output>
        </test-method> <!-- postCondition -->
        <test-method is-config="true" signature="generateReport()[pri:0, instance:pos.scripts.DemoTest@2c78d320]" started-at="2023-06-27T06:58:53Z" name="generateReport" finished-at="2023-06-27T06:58:53Z" duration-ms="420" status="PASS">
          <reporter-output>
          </reporter-output>
        </test-method> <!-- generateReport -->
      </class> <!-- pos.scripts.DemoTest -->
    </test> <!-- Default test -->
  </suite> <!-- Default suite -->
</testng-results>
